SELECT * FROM Customers WHERE Country='Mexico';
SELECT Name, Age FROM Users WHERE Age > 25;
SELECT * FROM Orders WHERE OrderDate > '2022-01-01';
SELECT ProductName, Price FROM Products WHERE Price > 10;
SELECT * FROM Employees WHERE LastName='Smith';
SELECT CustomerName, OrderTotal FROM Sales WHERE OrderTotal > 100;
SELECT * FROM Students WHERE GPA > 3.5;
SELECT Country, SUM(Sales) AS TotalSales FROM SalesData GROUP BY Country;
SELECT * FROM Books WHERE Author='J.K. Rowling';
SELECT Company, MAX(Revenue) AS HighestRevenue FROM FinancialData GROUP BY Company;
UPDATE Customers SET ContactName='John Doe' WHERE CustomerID=1;
UPDATE Users SET Age=30 WHERE Name='Jane Smith';
UPDATE Orders SET OrderDate='2022-12-31' WHERE OrderID=100;
UPDATE Products SET Price=15 WHERE ProductID=5;
UPDATE Employees SET Salary=50000 WHERE EmployeeID=10;
UPDATE Sales SET OrderTotal=125 WHERE CustomerName='Acme Corporation';
UPDATE Students SET Major='Computer Science' WHERE StudentID=200;
UPDATE SalesData SET Sales=500 WHERE Country='USA';
UPDATE Books SET Publisher='Penguin' WHERE ISBN='978-0-14-312345-6';
UPDATE FinancialData SET Revenue=10000 WHERE Company='ABC Inc.';
INSERT INTO Customers (CustomerName, ContactName, Country) VALUES ('Acme Corporation', 'John Doe', 'USA');
INSERT INTO Users (Name, Age, Gender) VALUES ('Jane Smith', 25, 'F');
INSERT INTO Orders (OrderDate, OrderTotal) VALUES ('2022-12-31', 100);
INSERT INTO Products (ProductName, Price) VALUES ('Widget', 10);
INSERT INTO Employees (LastName, FirstName, Salary) VALUES ('Smith', 'John', 50000);
INSERT INTO Sales (CustomerName, OrderTotal) VALUES ('Acme Corporation', 125);
INSERT INTO Students (StudentID, LastName, FirstName, GPA) VALUES (200, 'Doe', 'Jane', 3.8);
INSERT INTO SalesData (Country, Sales) VALUES ('USA', 500);
INSERT INTO Books (ISBN, Title, Author) VALUES ('978-0-14-312345-6', 'Harry Potter and the Sorcerer's Stone', 'J.K. Rowling');
INSERT INTO FinancialData (Company, Revenue) VALUES ('ABC Inc.', 10000);
DELETE FROM Customers WHERE CustomerID=1;
DELETE FROM Users WHERE Name='Jane Smith';
DELETE FROM Orders WHERE OrderID=100;
DELETE FROM Products WHERE ProductID=5;
DELETE FROM Employees WHERE EmployeeID=10;
DELETE FROM Sales WHERE CustomerName='Acme Corporation';
DELETE FROM Students WHERE StudentID=200;
DELETE FROM SalesData WHERE Country='USA';
DELETE FROM Books WHERE ISBN='978-0-14-312345-6';
DELETE FROM FinancialData WHERE Company='ABC Inc.';
DELETE FROM SalesData WHERE Country='USA';	